<?xml version="1.0" encoding="UTF-8"?>
<testsuite xmlns:xsi="http://www.w3.org/2001/XMLSchema-instance" xsi:noNamespaceSchemaLocation="https://maven.apache.org/surefire/maven-surefire-plugin/xsd/surefire-test-report.xsd" name="com.initera.IniteraMallCartApiApplicationTests" time="0.889" tests="1" errors="0" skipped="0" failures="0">
  <properties>
    <property name="sun.desktop" value="windows"/>
    <property name="awt.toolkit" value="sun.awt.windows.WToolkit"/>
    <property name="file.encoding.pkg" value="sun.io"/>
    <property name="java.specification.version" value="1.8"/>
    <property name="sun.cpu.isalist" value="amd64"/>
    <property name="sun.jnu.encoding" value="GBK"/>
    <property name="java.class.path" value="E:\MCA\initera-mall\initera-mall-api\initera-mall-cart-api\target\test-classes;E:\MCA\initera-mall\initera-mall-api\initera-mall-cart-api\target\classes;F:\maven\repo\org\springframework\boot\spring-boot-starter\2.5.3\spring-boot-starter-2.5.3.jar;F:\maven\repo\org\springframework\boot\spring-boot\2.5.3\spring-boot-2.5.3.jar;F:\maven\repo\org\springframework\spring-context\5.3.9\spring-context-5.3.9.jar;F:\maven\repo\org\springframework\spring-aop\5.3.9\spring-aop-5.3.9.jar;F:\maven\repo\org\springframework\spring-beans\5.3.9\spring-beans-5.3.9.jar;F:\maven\repo\org\springframework\spring-expression\5.3.9\spring-expression-5.3.9.jar;F:\maven\repo\org\springframework\boot\spring-boot-autoconfigure\2.5.3\spring-boot-autoconfigure-2.5.3.jar;F:\maven\repo\org\springframework\boot\spring-boot-starter-logging\2.5.3\spring-boot-starter-logging-2.5.3.jar;F:\maven\repo\ch\qos\logback\logback-classic\1.2.4\logback-classic-1.2.4.jar;F:\maven\repo\ch\qos\logback\logback-core\1.2.4\logback-core-1.2.4.jar;F:\maven\repo\org\apache\logging\log4j\log4j-to-slf4j\2.14.1\log4j-to-slf4j-2.14.1.jar;F:\maven\repo\org\apache\logging\log4j\log4j-api\2.14.1\log4j-api-2.14.1.jar;F:\maven\repo\org\slf4j\jul-to-slf4j\1.7.32\jul-to-slf4j-1.7.32.jar;F:\maven\repo\jakarta\annotation\jakarta.annotation-api\1.3.5\jakarta.annotation-api-1.3.5.jar;F:\maven\repo\org\springframework\spring-core\5.3.9\spring-core-5.3.9.jar;F:\maven\repo\org\springframework\spring-jcl\5.3.9\spring-jcl-5.3.9.jar;F:\maven\repo\org\yaml\snakeyaml\1.28\snakeyaml-1.28.jar;F:\maven\repo\org\springframework\boot\spring-boot-devtools\2.5.3\spring-boot-devtools-2.5.3.jar;F:\maven\repo\org\projectlombok\lombok\1.18.20\lombok-1.18.20.jar;F:\maven\repo\org\springframework\boot\spring-boot-starter-test\2.5.3\spring-boot-starter-test-2.5.3.jar;F:\maven\repo\org\springframework\boot\spring-boot-test\2.5.3\spring-boot-test-2.5.3.jar;F:\maven\repo\org\springframework\boot\spring-boot-test-autoconfigure\2.5.3\spring-boot-test-autoconfigure-2.5.3.jar;F:\maven\repo\com\jayway\jsonpath\json-path\2.5.0\json-path-2.5.0.jar;F:\maven\repo\net\minidev\json-smart\2.4.7\json-smart-2.4.7.jar;F:\maven\repo\net\minidev\accessors-smart\2.4.7\accessors-smart-2.4.7.jar;F:\maven\repo\org\ow2\asm\asm\9.1\asm-9.1.jar;F:\maven\repo\org\slf4j\slf4j-api\1.7.32\slf4j-api-1.7.32.jar;F:\maven\repo\jakarta\xml\bind\jakarta.xml.bind-api\2.3.3\jakarta.xml.bind-api-2.3.3.jar;F:\maven\repo\jakarta\activation\jakarta.activation-api\1.2.2\jakarta.activation-api-1.2.2.jar;F:\maven\repo\org\assertj\assertj-core\3.19.0\assertj-core-3.19.0.jar;F:\maven\repo\org\hamcrest\hamcrest\2.2\hamcrest-2.2.jar;F:\maven\repo\org\junit\jupiter\junit-jupiter\5.7.2\junit-jupiter-5.7.2.jar;F:\maven\repo\org\junit\jupiter\junit-jupiter-api\5.7.2\junit-jupiter-api-5.7.2.jar;F:\maven\repo\org\apiguardian\apiguardian-api\1.1.0\apiguardian-api-1.1.0.jar;F:\maven\repo\org\opentest4j\opentest4j\1.2.0\opentest4j-1.2.0.jar;F:\maven\repo\org\junit\platform\junit-platform-commons\1.7.2\junit-platform-commons-1.7.2.jar;F:\maven\repo\org\junit\jupiter\junit-jupiter-params\5.7.2\junit-jupiter-params-5.7.2.jar;F:\maven\repo\org\junit\jupiter\junit-jupiter-engine\5.7.2\junit-jupiter-engine-5.7.2.jar;F:\maven\repo\org\junit\platform\junit-platform-engine\1.7.2\junit-platform-engine-1.7.2.jar;F:\maven\repo\org\mockito\mockito-core\3.9.0\mockito-core-3.9.0.jar;F:\maven\repo\net\bytebuddy\byte-buddy\1.10.22\byte-buddy-1.10.22.jar;F:\maven\repo\net\bytebuddy\byte-buddy-agent\1.10.22\byte-buddy-agent-1.10.22.jar;F:\maven\repo\org\objenesis\objenesis\3.2\objenesis-3.2.jar;F:\maven\repo\org\mockito\mockito-junit-jupiter\3.9.0\mockito-junit-jupiter-3.9.0.jar;F:\maven\repo\org\skyscreamer\jsonassert\1.5.0\jsonassert-1.5.0.jar;F:\maven\repo\com\vaadin\external\google\android-json\0.0.20131108.vaadin1\android-json-0.0.20131108.vaadin1.jar;F:\maven\repo\org\springframework\spring-test\5.3.9\spring-test-5.3.9.jar;F:\maven\repo\org\xmlunit\xmlunit-core\2.8.2\xmlunit-core-2.8.2.jar;"/>
    <property name="java.vm.vendor" value="Oracle Corporation"/>
    <property name="sun.arch.data.model" value="64"/>
    <property name="user.variant" value=""/>
    <property name="java.vendor.url" value="http://java.oracle.com/"/>
    <property name="user.timezone" value="Asia/Shanghai"/>
    <property name="java.vm.specification.version" value="1.8"/>
    <property name="os.name" value="Windows 10"/>
    <property name="user.country" value="CN"/>
    <property name="sun.java.launcher" value="SUN_STANDARD"/>
    <property name="sun.boot.library.path" value="D:\javaSoft\jdk1.8.0_291\jre\bin"/>
    <property name="sun.java.command" value="C:\Users\YOUNGM~1\AppData\Local\Temp\surefire8391818021464006318\surefirebooter1682856542286260062.jar C:\Users\youngmate\AppData\Local\Temp\surefire8391818021464006318 2021-07-25T11-33-21_980-jvmRun1 surefire1582450123367137890tmp surefire_03688982878085520659tmp"/>
    <property name="surefire.test.class.path" value="E:\MCA\initera-mall\initera-mall-api\initera-mall-cart-api\target\test-classes;E:\MCA\initera-mall\initera-mall-api\initera-mall-cart-api\target\classes;F:\maven\repo\org\springframework\boot\spring-boot-starter\2.5.3\spring-boot-starter-2.5.3.jar;F:\maven\repo\org\springframework\boot\spring-boot\2.5.3\spring-boot-2.5.3.jar;F:\maven\repo\org\springframework\spring-context\5.3.9\spring-context-5.3.9.jar;F:\maven\repo\org\springframework\spring-aop\5.3.9\spring-aop-5.3.9.jar;F:\maven\repo\org\springframework\spring-beans\5.3.9\spring-beans-5.3.9.jar;F:\maven\repo\org\springframework\spring-expression\5.3.9\spring-expression-5.3.9.jar;F:\maven\repo\org\springframework\boot\spring-boot-autoconfigure\2.5.3\spring-boot-autoconfigure-2.5.3.jar;F:\maven\repo\org\springframework\boot\spring-boot-starter-logging\2.5.3\spring-boot-starter-logging-2.5.3.jar;F:\maven\repo\ch\qos\logback\logback-classic\1.2.4\logback-classic-1.2.4.jar;F:\maven\repo\ch\qos\logback\logback-core\1.2.4\logback-core-1.2.4.jar;F:\maven\repo\org\apache\logging\log4j\log4j-to-slf4j\2.14.1\log4j-to-slf4j-2.14.1.jar;F:\maven\repo\org\apache\logging\log4j\log4j-api\2.14.1\log4j-api-2.14.1.jar;F:\maven\repo\org\slf4j\jul-to-slf4j\1.7.32\jul-to-slf4j-1.7.32.jar;F:\maven\repo\jakarta\annotation\jakarta.annotation-api\1.3.5\jakarta.annotation-api-1.3.5.jar;F:\maven\repo\org\springframework\spring-core\5.3.9\spring-core-5.3.9.jar;F:\maven\repo\org\springframework\spring-jcl\5.3.9\spring-jcl-5.3.9.jar;F:\maven\repo\org\yaml\snakeyaml\1.28\snakeyaml-1.28.jar;F:\maven\repo\org\springframework\boot\spring-boot-devtools\2.5.3\spring-boot-devtools-2.5.3.jar;F:\maven\repo\org\projectlombok\lombok\1.18.20\lombok-1.18.20.jar;F:\maven\repo\org\springframework\boot\spring-boot-starter-test\2.5.3\spring-boot-starter-test-2.5.3.jar;F:\maven\repo\org\springframework\boot\spring-boot-test\2.5.3\spring-boot-test-2.5.3.jar;F:\maven\repo\org\springframework\boot\spring-boot-test-autoconfigure\2.5.3\spring-boot-test-autoconfigure-2.5.3.jar;F:\maven\repo\com\jayway\jsonpath\json-path\2.5.0\json-path-2.5.0.jar;F:\maven\repo\net\minidev\json-smart\2.4.7\json-smart-2.4.7.jar;F:\maven\repo\net\minidev\accessors-smart\2.4.7\accessors-smart-2.4.7.jar;F:\maven\repo\org\ow2\asm\asm\9.1\asm-9.1.jar;F:\maven\repo\org\slf4j\slf4j-api\1.7.32\slf4j-api-1.7.32.jar;F:\maven\repo\jakarta\xml\bind\jakarta.xml.bind-api\2.3.3\jakarta.xml.bind-api-2.3.3.jar;F:\maven\repo\jakarta\activation\jakarta.activation-api\1.2.2\jakarta.activation-api-1.2.2.jar;F:\maven\repo\org\assertj\assertj-core\3.19.0\assertj-core-3.19.0.jar;F:\maven\repo\org\hamcrest\hamcrest\2.2\hamcrest-2.2.jar;F:\maven\repo\org\junit\jupiter\junit-jupiter\5.7.2\junit-jupiter-5.7.2.jar;F:\maven\repo\org\junit\jupiter\junit-jupiter-api\5.7.2\junit-jupiter-api-5.7.2.jar;F:\maven\repo\org\apiguardian\apiguardian-api\1.1.0\apiguardian-api-1.1.0.jar;F:\maven\repo\org\opentest4j\opentest4j\1.2.0\opentest4j-1.2.0.jar;F:\maven\repo\org\junit\platform\junit-platform-commons\1.7.2\junit-platform-commons-1.7.2.jar;F:\maven\repo\org\junit\jupiter\junit-jupiter-params\5.7.2\junit-jupiter-params-5.7.2.jar;F:\maven\repo\org\junit\jupiter\junit-jupiter-engine\5.7.2\junit-jupiter-engine-5.7.2.jar;F:\maven\repo\org\junit\platform\junit-platform-engine\1.7.2\junit-platform-engine-1.7.2.jar;F:\maven\repo\org\mockito\mockito-core\3.9.0\mockito-core-3.9.0.jar;F:\maven\repo\net\bytebuddy\byte-buddy\1.10.22\byte-buddy-1.10.22.jar;F:\maven\repo\net\bytebuddy\byte-buddy-agent\1.10.22\byte-buddy-agent-1.10.22.jar;F:\maven\repo\org\objenesis\objenesis\3.2\objenesis-3.2.jar;F:\maven\repo\org\mockito\mockito-junit-jupiter\3.9.0\mockito-junit-jupiter-3.9.0.jar;F:\maven\repo\org\skyscreamer\jsonassert\1.5.0\jsonassert-1.5.0.jar;F:\maven\repo\com\vaadin\external\google\android-json\0.0.20131108.vaadin1\android-json-0.0.20131108.vaadin1.jar;F:\maven\repo\org\springframework\spring-test\5.3.9\spring-test-5.3.9.jar;F:\maven\repo\org\xmlunit\xmlunit-core\2.8.2\xmlunit-core-2.8.2.jar;"/>
    <property name="sun.cpu.endian" value="little"/>
    <property name="user.home" value="C:\Users\youngmate"/>
    <property name="user.language" value="zh"/>
    <property name="java.specification.vendor" value="Oracle Corporation"/>
    <property name="java.home" value="D:\javaSoft\jdk1.8.0_291\jre"/>
    <property name="basedir" value="E:\MCA\initera-mall\initera-mall-api\initera-mall-cart-api"/>
    <property name="file.separator" value="\"/>
    <property name="line.separator" value="&#10;"/>
    <property name="java.vm.specification.vendor" value="Oracle Corporation"/>
    <property name="java.specification.name" value="Java Platform API Specification"/>
    <property name="java.awt.graphicsenv" value="sun.awt.Win32GraphicsEnvironment"/>
    <property name="surefire.real.class.path" value="C:\Users\YOUNGM~1\AppData\Local\Temp\surefire8391818021464006318\surefirebooter1682856542286260062.jar"/>
    <property name="sun.boot.class.path" value="D:\javaSoft\jdk1.8.0_291\jre\lib\resources.jar;D:\javaSoft\jdk1.8.0_291\jre\lib\rt.jar;D:\javaSoft\jdk1.8.0_291\jre\lib\sunrsasign.jar;D:\javaSoft\jdk1.8.0_291\jre\lib\jsse.jar;D:\javaSoft\jdk1.8.0_291\jre\lib\jce.jar;D:\javaSoft\jdk1.8.0_291\jre\lib\charsets.jar;D:\javaSoft\jdk1.8.0_291\jre\lib\jfr.jar;D:\javaSoft\jdk1.8.0_291\jre\classes"/>
    <property name="user.script" value=""/>
    <property name="sun.management.compiler" value="HotSpot 64-Bit Tiered Compilers"/>
    <property name="java.runtime.version" value="1.8.0_291-b10"/>
    <property name="user.name" value="youngmate"/>
    <property name="path.separator" value=";"/>
    <property name="os.version" value="10.0"/>
    <property name="java.endorsed.dirs" value="D:\javaSoft\jdk1.8.0_291\jre\lib\endorsed"/>
    <property name="java.runtime.name" value="Java(TM) SE Runtime Environment"/>
    <property name="file.encoding" value="GBK"/>
    <property name="java.vm.name" value="Java HotSpot(TM) 64-Bit Server VM"/>
    <property name="localRepository" value="F:\maven\repo"/>
    <property name="java.vendor.url.bug" value="http://bugreport.sun.com/bugreport/"/>
    <property name="java.io.tmpdir" value="C:\Users\YOUNGM~1\AppData\Local\Temp\"/>
    <property name="idea.version" value="2021.1.2"/>
    <property name="java.version" value="1.8.0_291"/>
    <property name="user.dir" value="E:\MCA\initera-mall\initera-mall-api\initera-mall-cart-api"/>
    <property name="os.arch" value="amd64"/>
    <property name="java.vm.specification.name" value="Java Virtual Machine Specification"/>
    <property name="java.awt.printerjob" value="sun.awt.windows.WPrinterJob"/>
    <property name="sun.os.patch.level" value=""/>
    <property name="java.library.path" value="D:\javaSoft\jdk1.8.0_291\jre\bin;C:\Windows\Sun\Java\bin;C:\Windows\system32;C:\Windows;D:\javaSoft\vmware\bin\;D:\javaSoft\xshell\;C:\Program Files (x86)\Common Files\Oracle\Java\javapath;C:\Windows\system32;C:\Windows;C:\Windows\System32\Wbem;C:\Windows\System32\WindowsPowerShell\v1.0\;C:\Windows\System32\OpenSSH\;D:\javaSoft\jdk1.8.0_291\bin;D:\javaSoft\apache-maven-3.8.1\bin;D:\javaSoft\git\cmd;D:\javaSoft\xshell7\;D:\javaSoft\xftp7\;C:\Users\youngmate\AppData\Local\Microsoft\WindowsApps;;."/>
    <property name="java.vm.info" value="mixed mode"/>
    <property name="java.vendor" value="Oracle Corporation"/>
    <property name="java.vm.version" value="25.291-b10"/>
    <property name="java.ext.dirs" value="D:\javaSoft\jdk1.8.0_291\jre\lib\ext;C:\Windows\Sun\Java\lib\ext"/>
    <property name="sun.io.unicode.encoding" value="UnicodeLittle"/>
    <property name="maven.repo.local" value="F:\maven\repo"/>
    <property name="java.class.version" value="52.0"/>
  </properties>
  <testcase name="contextLoads" classname="com.initera.IniteraMallCartApiApplicationTests" time="0.109"/>
</testsuite>